  pch.cpp
  functions.cpp
c:\users\senny\source\repos\lab4\lab4\map.h(254): warning C4267: аргумент: преобразование из "size_t" в "char"; возможна потеря данных
  c:\users\senny\source\repos\lab4\lab4\map.h(250): note: при компиляции функции-члена "<Нет данных>" класса класс <Нет данных>
  c:\users\senny\source\repos\lab4\lab4\functions.cpp(38): note: выполняется компиляция ссылки на экземпляр шаблон функции "void map<std::string>::insert(size_t,T)"
          with
          [
              T=std::string
          ]
  c:\users\senny\source\repos\lab4\lab4\functions.cpp(38): note: выполняется компиляция ссылки на экземпляр шаблон класс "map<std::string>"
c:\users\senny\source\repos\lab4\lab4\map.h(256): warning C4267: аргумент: преобразование из "size_t" в "char"; возможна потеря данных
c:\users\senny\source\repos\lab4\lab4\map.h(259): warning C4553: "==": результат выражения не используется; вы хотели использовать "="?
c:\users\senny\source\repos\lab4\lab4\map.h(261): warning C4267: аргумент: преобразование из "size_t" в "char"; возможна потеря данных
c:\users\senny\source\repos\lab4\lab4\map.h(284): warning C4267: аргумент: преобразование из "size_t" в "char"; возможна потеря данных
c:\users\senny\source\repos\lab4\lab4\map.h(289): warning C4267: аргумент: преобразование из "size_t" в "char"; возможна потеря данных
c:\users\senny\source\repos\lab4\lab4\map.h(302): warning C4267: аргумент: преобразование из "size_t" в "char"; возможна потеря данных
c:\users\senny\source\repos\lab4\lab4\map.h(303): warning C4267: аргумент: преобразование из "size_t" в "char"; возможна потеря данных
c:\users\senny\source\repos\lab4\lab4\map.h(308): warning C4267: аргумент: преобразование из "size_t" в "char"; возможна потеря данных
  lab4.cpp
c:\users\senny\source\repos\lab4\lab4\map.h(565): warning C4101: child: неиспользованная локальная переменная
  c:\users\senny\source\repos\lab4\lab4\map.h(563): note: при компиляции функции-члена "<Нет данных>" класса класс <Нет данных>
  c:\users\senny\source\repos\lab4\lab4\map.h(533): note: выполняется компиляция ссылки на экземпляр шаблон функции "void map<std::string>::remove(size_t)"
  c:\users\senny\source\repos\lab4\lab4\map.h(531): note: при компиляции функции-члена "<Нет данных>" класса класс <Нет данных>
  c:\users\senny\source\repos\lab4\lab4\map.h(170): note: выполняется компиляция ссылки на экземпляр шаблон функции "void map<std::string>::clear(void)"
  c:\users\senny\source\repos\lab4\lab4\map.h(162): note: при компиляции функции-члена "<Нет данных>" класса класс <Нет данных>
  c:\users\senny\source\repos\lab4\lab4\lab4.cpp(15): note: выполняется компиляция ссылки на экземпляр шаблон функции "map<std::string>::map(void)"
  c:\users\senny\source\repos\lab4\lab4\lab4.cpp(15): note: выполняется компиляция ссылки на экземпляр шаблон класс "map<std::string>"
c:\users\senny\source\repos\lab4\lab4\map.h(365): warning C4101: ex: неиспользованная локальная переменная
  c:\users\senny\source\repos\lab4\lab4\map.h(358): note: при компиляции функции-члена "<Нет данных>" класса класс <Нет данных>
  c:\users\senny\source\repos\lab4\lab4\map.h(568): note: выполняется компиляция ссылки на экземпляр шаблон функции "bool map<std::string>::contains(size_t)"
  c:\users\senny\source\repos\lab4\lab4\map.h(563): note: при компиляции функции-члена "<Нет данных>" класса класс <Нет данных>
  c:\users\senny\source\repos\lab4\lab4\map.h(533): note: выполняется компиляция ссылки на экземпляр шаблон функции "void map<std::string>::remove(size_t)"
  queue.cpp
  Создание кода...
  lab4.vcxproj -> C:\Users\senny\source\repos\lab4\Debug\lab4.exe
